[2026-04-30T12:00:26.198Z] [TEST] 1 | Detail
[2026-04-30T12:00:26.205Z] [CONTEXT_ERROR] 123 | Error: Test Error
    at TestContext.<anonymous> (D:\projetos\ecossistema-atomico\tests\logging.test.js:52:21)
    at Test.runInAsyncScope (node:async_hooks:214:14)
    at Test.run (node:internal/test_runner/test:1103:25)
    at Test.processPendingSubtests (node:internal/test_runner/test:785:18)
    at Test.postRun (node:internal/test_runner/test:1232:19)
    at Test.run (node:internal/test_runner/test:1160:12)
    at async startSubtestAfterBootstrap (node:internal/test_runner/harness:358:3)
[2026-04-30T12:08:35.511Z] [TEST] 1 | Detail
[2026-04-30T12:08:35.519Z] [CONTEXT_ERROR] 123 | Error: Test Error
    at TestContext.<anonymous> (D:\projetos\ecossistema-atomico\tests\logging.test.js:52:21)
    at Test.runInAsyncScope (node:async_hooks:214:14)
    at Test.run (node:internal/test_runner/test:1103:25)
    at Test.processPendingSubtests (node:internal/test_runner/test:785:18)
    at Test.postRun (node:internal/test_runner/test:1232:19)
    at Test.run (node:internal/test_runner/test:1160:12)
    at async startSubtestAfterBootstrap (node:internal/test_runner/harness:358:3)
[2026-04-30T12:11:17.998Z] [TEST] 1 | Detail
[2026-04-30T12:11:18.014Z] [CONTEXT_ERROR] 123 | Error: Test Error
    at TestContext.<anonymous> (D:\projetos\ecossistema-atomico\tests\logging.test.js:52:21)
    at Test.runInAsyncScope (node:async_hooks:214:14)
    at Test.run (node:internal/test_runner/test:1103:25)
    at Test.processPendingSubtests (node:internal/test_runner/test:785:18)
    at Test.postRun (node:internal/test_runner/test:1232:19)
    at Test.run (node:internal/test_runner/test:1160:12)
    at async startSubtestAfterBootstrap (node:internal/test_runner/harness:358:3)
[2026-04-30T12:15:56.911Z] [TEST] 1 | Detail
[2026-04-30T12:15:56.921Z] [CONTEXT_ERROR] 123 | Error: Test Error
    at TestContext.<anonymous> (D:\projetos\ecossistema-atomico\tests\logging.test.js:52:21)
    at Test.runInAsyncScope (node:async_hooks:214:14)
    at Test.run (node:internal/test_runner/test:1103:25)
    at Test.processPendingSubtests (node:internal/test_runner/test:785:18)
    at Test.postRun (node:internal/test_runner/test:1232:19)
    at Test.run (node:internal/test_runner/test:1160:12)
    at async startSubtestAfterBootstrap (node:internal/test_runner/harness:358:3)
[2026-04-30T12:16:15.564Z] [SYSTEM_START] 0 | Aplicação inicializada com sucesso.
[2026-04-30T12:18:12.840Z] [SYSTEM_START] 0 | Aplicação inicializada com sucesso.
[2026-04-30T12:21:26.198Z] [TEST] 1 | Detail
[2026-04-30T12:21:26.206Z] [CONTEXT_ERROR] 123 | Error: Test Error
    at TestContext.<anonymous> (D:\projetos\ecossistema-atomico\tests\logging.test.js:52:21)
    at Test.runInAsyncScope (node:async_hooks:214:14)
    at Test.run (node:internal/test_runner/test:1103:25)
    at Test.processPendingSubtests (node:internal/test_runner/test:785:18)
    at Test.postRun (node:internal/test_runner/test:1232:19)
    at Test.run (node:internal/test_runner/test:1160:12)
    at async startSubtestAfterBootstrap (node:internal/test_runner/harness:358:3)
[2026-04-30T12:22:22.760Z] [TEST] 1 | Detail
[2026-04-30T12:22:22.767Z] [CONTEXT_ERROR] 123 | Error: Test Error
    at TestContext.<anonymous> (D:\projetos\ecossistema-atomico\tests\logging.test.js:52:21)
    at Test.runInAsyncScope (node:async_hooks:214:14)
    at Test.run (node:internal/test_runner/test:1103:25)
    at Test.processPendingSubtests (node:internal/test_runner/test:785:18)
    at Test.postRun (node:internal/test_runner/test:1232:19)
    at Test.run (node:internal/test_runner/test:1160:12)
    at async startSubtestAfterBootstrap (node:internal/test_runner/harness:358:3)
[2026-04-30T12:24:51.942Z] [TEST] 1 | Detail
[2026-04-30T12:24:51.948Z] [CONTEXT_ERROR] 123 | Error: Test Error
    at TestContext.<anonymous> (D:\projetos\ecossistema-atomico\tests\logging.test.js:52:21)
    at Test.runInAsyncScope (node:async_hooks:214:14)
    at Test.run (node:internal/test_runner/test:1103:25)
    at Test.processPendingSubtests (node:internal/test_runner/test:785:18)
    at Test.postRun (node:internal/test_runner/test:1232:19)
    at Test.run (node:internal/test_runner/test:1160:12)
    at async startSubtestAfterBootstrap (node:internal/test_runner/harness:358:3)
[2026-04-30T13:17:04.118Z] [TEST] 1 | Detail
[2026-04-30T13:17:04.128Z] [CONTEXT_ERROR] 123 | Error: Test Error
    at TestContext.<anonymous> (D:\projetos\ecossistema-atomico\tests\logging.test.js:52:21)
    at Test.runInAsyncScope (node:async_hooks:214:14)
    at Test.run (node:internal/test_runner/test:1103:25)
    at Test.processPendingSubtests (node:internal/test_runner/test:785:18)
    at Test.postRun (node:internal/test_runner/test:1232:19)
    at Test.run (node:internal/test_runner/test:1160:12)
    at async startSubtestAfterBootstrap (node:internal/test_runner/harness:358:3)
[2026-04-30T13:29:17.049Z] [TEST] 1 | Detail
[2026-04-30T13:29:17.055Z] [CONTEXT_ERROR] 123 | Error: Test Error
    at TestContext.<anonymous> (D:\projetos\ecossistema-atomico\tests\logging.test.js:52:21)
    at Test.runInAsyncScope (node:async_hooks:214:14)
    at Test.run (node:internal/test_runner/test:1103:25)
    at Test.processPendingSubtests (node:internal/test_runner/test:785:18)
    at Test.postRun (node:internal/test_runner/test:1232:19)
    at Test.run (node:internal/test_runner/test:1160:12)
    at async startSubtestAfterBootstrap (node:internal/test_runner/harness:358:3)
[2026-04-30T13:31:00.340Z] [TEST] 1 | Detail
[2026-04-30T13:31:00.351Z] [CONTEXT_ERROR] 123 | Error: Test Error
    at TestContext.<anonymous> (D:\projetos\ecossistema-atomico\tests\logging.test.js:52:21)
    at Test.runInAsyncScope (node:async_hooks:214:14)
    at Test.run (node:internal/test_runner/test:1103:25)
    at Test.processPendingSubtests (node:internal/test_runner/test:785:18)
    at Test.postRun (node:internal/test_runner/test:1232:19)
    at Test.run (node:internal/test_runner/test:1160:12)
    at async startSubtestAfterBootstrap (node:internal/test_runner/harness:358:3)
[2026-04-30T13:32:20.122Z] [TEST] 1 | Detail
[2026-04-30T13:32:20.129Z] [CONTEXT_ERROR] 123 | Error: Test Error
    at TestContext.<anonymous> (D:\projetos\ecossistema-atomico\tests\logging.test.js:52:21)
    at Test.runInAsyncScope (node:async_hooks:214:14)
    at Test.run (node:internal/test_runner/test:1103:25)
    at Test.processPendingSubtests (node:internal/test_runner/test:785:18)
    at Test.postRun (node:internal/test_runner/test:1232:19)
    at Test.run (node:internal/test_runner/test:1160:12)
    at async startSubtestAfterBootstrap (node:internal/test_runner/harness:358:3)
[2026-04-30T13:33:04.395Z] [TEST] 1 | Detail
[2026-04-30T13:33:04.403Z] [CONTEXT_ERROR] 123 | Error: Test Error
    at TestContext.<anonymous> (D:\projetos\ecossistema-atomico\tests\logging.test.js:52:21)
    at Test.runInAsyncScope (node:async_hooks:214:14)
    at Test.run (node:internal/test_runner/test:1103:25)
    at Test.processPendingSubtests (node:internal/test_runner/test:785:18)
    at Test.postRun (node:internal/test_runner/test:1232:19)
    at Test.run (node:internal/test_runner/test:1160:12)
    at async startSubtestAfterBootstrap (node:internal/test_runner/harness:358:3)
[2026-04-30T13:33:48.456Z] [TEST] 1 | Detail
[2026-04-30T13:33:48.463Z] [CONTEXT_ERROR] 123 | Error: Test Error
    at TestContext.<anonymous> (D:\projetos\ecossistema-atomico\tests\logging.test.js:52:21)
    at Test.runInAsyncScope (node:async_hooks:214:14)
    at Test.run (node:internal/test_runner/test:1103:25)
    at Test.processPendingSubtests (node:internal/test_runner/test:785:18)
    at Test.postRun (node:internal/test_runner/test:1232:19)
    at Test.run (node:internal/test_runner/test:1160:12)
    at async startSubtestAfterBootstrap (node:internal/test_runner/harness:358:3)
[2026-04-30T13:37:34.726Z] [TEST] 1 | Detail
[2026-04-30T13:37:34.732Z] [CONTEXT_ERROR] 123 | Error: Test Error
    at TestContext.<anonymous> (D:\projetos\ecossistema-atomico\tests\logging.test.js:52:21)
    at Test.runInAsyncScope (node:async_hooks:214:14)
    at Test.run (node:internal/test_runner/test:1103:25)
    at Test.processPendingSubtests (node:internal/test_runner/test:785:18)
    at Test.postRun (node:internal/test_runner/test:1232:19)
    at Test.run (node:internal/test_runner/test:1160:12)
    at async startSubtestAfterBootstrap (node:internal/test_runner/harness:358:3)
[2026-04-30T13:38:26.098Z] [TEST] 1 | Detail
[2026-04-30T13:38:26.108Z] [CONTEXT_ERROR] 123 | Error: Test Error
    at TestContext.<anonymous> (D:\projetos\ecossistema-atomico\tests\logging.test.js:52:21)
    at Test.runInAsyncScope (node:async_hooks:214:14)
    at Test.run (node:internal/test_runner/test:1103:25)
    at Test.processPendingSubtests (node:internal/test_runner/test:785:18)
    at Test.postRun (node:internal/test_runner/test:1232:19)
    at Test.run (node:internal/test_runner/test:1160:12)
    at async startSubtestAfterBootstrap (node:internal/test_runner/harness:358:3)
[2026-04-30T13:51:09.724Z] [TEST] 1 | Detail
[2026-04-30T13:51:09.735Z] [CONTEXT_ERROR] 123 | Error: Test Error
    at TestContext.<anonymous> (D:\projetos\ecossistema-atomico\tests\logging.test.js:52:21)
    at Test.runInAsyncScope (node:async_hooks:214:14)
    at Test.run (node:internal/test_runner/test:1103:25)
    at Test.processPendingSubtests (node:internal/test_runner/test:785:18)
    at Test.postRun (node:internal/test_runner/test:1232:19)
    at Test.run (node:internal/test_runner/test:1160:12)
    at async startSubtestAfterBootstrap (node:internal/test_runner/harness:358:3)
[2026-04-30T14:03:20.984Z] [TEST] 1 | Detail
[2026-04-30T14:03:20.989Z] [CONTEXT_ERROR] 123 | Error: Test Error
    at TestContext.<anonymous> (D:\projetos\ecossistema-atomico\tests\logging.test.js:52:21)
    at Test.runInAsyncScope (node:async_hooks:214:14)
    at Test.run (node:internal/test_runner/test:1103:25)
    at Test.processPendingSubtests (node:internal/test_runner/test:785:18)
    at Test.postRun (node:internal/test_runner/test:1232:19)
    at Test.run (node:internal/test_runner/test:1160:12)
    at async startSubtestAfterBootstrap (node:internal/test_runner/harness:358:3)
[2026-04-30T14:04:31.153Z] [TEST] 1 | Detail
[2026-04-30T14:04:31.160Z] [CONTEXT_ERROR] 123 | Error: Test Error
    at TestContext.<anonymous> (D:\projetos\ecossistema-atomico\tests\logging.test.js:52:21)
    at Test.runInAsyncScope (node:async_hooks:214:14)
    at Test.run (node:internal/test_runner/test:1103:25)
    at Test.processPendingSubtests (node:internal/test_runner/test:785:18)
    at Test.postRun (node:internal/test_runner/test:1232:19)
    at Test.run (node:internal/test_runner/test:1160:12)
    at async startSubtestAfterBootstrap (node:internal/test_runner/harness:358:3)
[2026-04-30T14:17:13.308Z] [TEST] 1 | Detail
[2026-04-30T14:17:13.314Z] [CONTEXT_ERROR] 123 | Error: Test Error
    at TestContext.<anonymous> (D:\projetos\ecossistema-atomico\tests\logging.test.js:52:21)
    at Test.runInAsyncScope (node:async_hooks:214:14)
    at Test.run (node:internal/test_runner/test:1103:25)
    at Test.processPendingSubtests (node:internal/test_runner/test:785:18)
    at Test.postRun (node:internal/test_runner/test:1232:19)
    at Test.run (node:internal/test_runner/test:1160:12)
    at async startSubtestAfterBootstrap (node:internal/test_runner/harness:358:3)
[2026-04-30T15:57:15.537Z] [TEST] 1 | Detail
[2026-04-30T15:57:15.555Z] [CONTEXT_ERROR] 123 | Error: Test Error
    at TestContext.<anonymous> (D:\projetos\ecossistema-atomico-pc\tests\logging.test.js:52:21)
    at Test.runInAsyncScope (node:async_hooks:214:14)
    at Test.run (node:internal/test_runner/test:1103:25)
    at Test.processPendingSubtests (node:internal/test_runner/test:785:18)
    at Test.postRun (node:internal/test_runner/test:1232:19)
    at Test.run (node:internal/test_runner/test:1160:12)
    at async startSubtestAfterBootstrap (node:internal/test_runner/harness:358:3)
